<?xml version="1.0" encoding="UTF-8"?>
<testng-results ignored="0" total="2" passed="2" failed="0" skipped="0">
  <reporter-output>
  </reporter-output>
  <suite started-at="2022-03-29T00:59:01 EET" name="Default suite" finished-at="2022-03-29T01:01:41 EET" duration-ms="160260">
    <groups>
      <group name="cucumber">
        <method signature="AbstractTestNGCucumberTests.runScenario(io.cucumber.testng.PickleWrapper,io.cucumber.testng.FeatureWrapper)[pri:0, instance:cucumberOptions.TestRunner@2892d68]" name="runScenario" class="io.cucumber.testng.AbstractTestNGCucumberTests"/>
      </group> <!-- cucumber -->
    </groups>
    <test started-at="2022-03-29T00:59:01 EET" name="Default test" finished-at="2022-03-29T01:01:41 EET" duration-ms="160260">
      <class name="cucumberOptions.TestRunner">
        <test-method is-config="true" signature="setUpClass()[pri:0, instance:cucumberOptions.TestRunner@2892d68]" started-at="2022-03-29T00:59:01 EET" name="setUpClass" finished-at="2022-03-29T00:59:03 EET" duration-ms="1511" status="PASS">
          <reporter-output>
          </reporter-output>
        </test-method> <!-- setUpClass -->
        <test-method signature="runScenario(io.cucumber.testng.PickleWrapper,io.cucumber.testng.FeatureWrapper)[pri:0, instance:cucumberOptions.TestRunner@2892d68]" started-at="2022-03-29T00:59:03 EET" name="runScenario" description="Runs Cucumber Scenarios" data-provider="scenarios" finished-at="2022-03-29T01:00:35 EET" duration-ms="92417" status="PASS">
          <params>
            <param index="0">
              <value>
                <![CDATA["Sign up, sign in, create new project, and create new task"]]>
              </value>
            </param>
            <param index="1">
              <value>
                <![CDATA["Optional[Sign up , sign in, Create task]"]]>
              </value>
            </param>
          </params>
          <reporter-output>
          </reporter-output>
        </test-method> <!-- runScenario -->
        <test-method signature="runScenario(io.cucumber.testng.PickleWrapper,io.cucumber.testng.FeatureWrapper)[pri:0, instance:cucumberOptions.TestRunner@2892d68]" started-at="2022-03-29T01:00:35 EET" name="runScenario" description="Runs Cucumber Scenarios" data-provider="scenarios" finished-at="2022-03-29T01:01:40 EET" duration-ms="65280" status="PASS">
          <params>
            <param index="0">
              <value>
                <![CDATA["Editing existing task"]]>
              </value>
            </param>
            <param index="1">
              <value>
                <![CDATA["Optional[Sign up , sign in, Create task]"]]>
              </value>
            </param>
          </params>
          <reporter-output>
          </reporter-output>
        </test-method> <!-- runScenario -->
        <test-method is-config="true" signature="tearDownClass()[pri:0, instance:cucumberOptions.TestRunner@2892d68]" started-at="2022-03-29T01:01:40 EET" name="tearDownClass" finished-at="2022-03-29T01:01:41 EET" duration-ms="925" status="PASS">
          <reporter-output>
          </reporter-output>
        </test-method> <!-- tearDownClass -->
      </class> <!-- cucumberOptions.TestRunner -->
    </test> <!-- Default test -->
  </suite> <!-- Default suite -->
</testng-results>
